INFO  09:14:42 Application started. Press Ctrl+C to shut down.
INFO  09:14:42 Application started. Press Ctrl+C to shut down.
INFO  09:14:42 Hosting environment: Development
INFO  09:14:42 Hosting environment: Development
INFO  09:14:42 Content root path: D:\MyAspDotNetProjects\AuditChecklistModule
INFO  09:14:42 Content root path: D:\MyAspDotNetProjects\AuditChecklistModule
INFO  09:15:07 AuditChecklistController Http GET request calledAuditChecklistController
INFO  09:15:07  Http GET request calledChecklistProvider
INFO  09:15:07 Log from ChecklistRepo
INFO  09:15:21 AuditChecklistController Http GET request calledAuditChecklistController
INFO  09:15:21  Http GET request calledChecklistProvider
INFO  09:15:21 Log from ChecklistRepo
INFO  09:17:22 Application started. Press Ctrl+C to shut down.
INFO  09:17:22 Application started. Press Ctrl+C to shut down.
INFO  09:17:22 Hosting environment: Development
INFO  09:17:22 Hosting environment: Development
INFO  09:17:22 Content root path: D:\MyAspDotNetProjects\AuditChecklistModule
INFO  09:17:22 Content root path: D:\MyAspDotNetProjects\AuditChecklistModule
INFO  09:17:28 AuditChecklistController Http GET request calledAuditChecklistController
INFO  09:17:28  Http GET request calledChecklistProvider
INFO  09:17:28 Log from ChecklistRepo
INFO  09:17:33 AuditChecklistController Http GET request calledAuditChecklistController
INFO  09:18:51 Application started. Press Ctrl+C to shut down.
INFO  09:18:51 Application started. Press Ctrl+C to shut down.
INFO  09:18:51 Hosting environment: Development
INFO  09:18:51 Hosting environment: Development
INFO  09:18:51 Content root path: D:\MyAspDotNetProjects\AuditChecklistModule
INFO  09:18:51 Content root path: D:\MyAspDotNetProjects\AuditChecklistModule
INFO  09:19:57 AuditChecklistController Http GET request calledAuditChecklistController
INFO  09:20:03 AuditChecklistController Http GET request calledAuditChecklistController
INFO  09:09:36 Application started. Press Ctrl+C to shut down.
INFO  09:09:36 Application started. Press Ctrl+C to shut down.
INFO  09:09:36 Hosting environment: Development
INFO  09:09:36 Hosting environment: Development
INFO  09:09:36 Content root path: C:\Users\suvin\Downloads\AuditChecklistModule
INFO  09:09:36 Content root path: C:\Users\suvin\Downloads\AuditChecklistModule
INFO  09:11:25 Application started. Press Ctrl+C to shut down.
INFO  09:11:25 Application started. Press Ctrl+C to shut down.
INFO  09:11:25 Hosting environment: Development
INFO  09:11:25 Hosting environment: Development
INFO  09:11:25 Content root path: C:\Users\suvin\Downloads\AuditChecklistModule
INFO  09:11:25 Content root path: C:\Users\suvin\Downloads\AuditChecklistModule
INFO  09:12:21 Application started. Press Ctrl+C to shut down.
INFO  09:12:21 Application started. Press Ctrl+C to shut down.
INFO  09:12:21 Hosting environment: Development
INFO  09:12:21 Hosting environment: Development
INFO  09:12:21 Content root path: C:\Users\suvin\Downloads\AuditChecklistModule
INFO  09:12:21 Content root path: C:\Users\suvin\Downloads\AuditChecklistModule
INFO  09:29:37 AuditChecklistController Http GET request calledAuditChecklistController
INFO  09:29:37  Http GET request calledChecklistProvider
INFO  09:29:37 Log from ChecklistRepo
INFO  09:30:24 AuditChecklistController Http GET request calledAuditChecklistController
INFO  09:30:24  Http GET request calledChecklistProvider
INFO  09:30:24 Log from ChecklistRepo
INFO  09:53:45 Application started. Press Ctrl+C to shut down.
INFO  09:53:45 Application started. Press Ctrl+C to shut down.
INFO  09:53:45 Hosting environment: Development
INFO  09:53:45 Hosting environment: Development
INFO  09:53:45 Content root path: C:\Users\suvin\Downloads\AuditChecklistModule
INFO  09:53:45 Content root path: C:\Users\suvin\Downloads\AuditChecklistModule
INFO  10:01:58 Application started. Press Ctrl+C to shut down.
INFO  10:01:58 Application started. Press Ctrl+C to shut down.
INFO  10:01:58 Hosting environment: Development
INFO  10:01:58 Hosting environment: Development
INFO  10:01:58 Content root path: C:\Users\suvin\Downloads\AuditChecklistModule
INFO  10:01:58 Content root path: C:\Users\suvin\Downloads\AuditChecklistModule
INFO  10:06:24 Application started. Press Ctrl+C to shut down.
INFO  10:06:24 Application started. Press Ctrl+C to shut down.
INFO  10:06:24 Hosting environment: Development
INFO  10:06:24 Hosting environment: Development
INFO  10:06:24 Content root path: C:\Users\suvin\Downloads\AuditChecklistModule
INFO  10:06:24 Content root path: C:\Users\suvin\Downloads\AuditChecklistModule
INFO  10:15:41 Application started. Press Ctrl+C to shut down.
INFO  10:15:41 Application started. Press Ctrl+C to shut down.
INFO  10:15:41 Hosting environment: Development
INFO  10:15:41 Hosting environment: Development
INFO  10:15:41 Content root path: C:\Users\suvin\Downloads\AuditChecklistModule
INFO  10:15:41 Content root path: C:\Users\suvin\Downloads\AuditChecklistModule
INFO  10:17:09 Application started. Press Ctrl+C to shut down.
INFO  10:17:09 Application started. Press Ctrl+C to shut down.
INFO  10:17:09 Hosting environment: Development
INFO  10:17:09 Hosting environment: Development
INFO  10:17:09 Content root path: C:\Users\suvin\Downloads\AuditChecklistModule
INFO  10:17:09 Content root path: C:\Users\suvin\Downloads\AuditChecklistModule
INFO  10:51:24 AuditChecklistController Http GET request calledAuditChecklistController
INFO  10:51:24  Http GET request calledChecklistProvider
INFO  10:51:24 Log from ChecklistRepo
INFO  10:51:49 AuditChecklistController Http GET request calledAuditChecklistController
INFO  10:51:49  Http GET request calledChecklistProvider
INFO  10:51:49 Log from ChecklistRepo
INFO  12:02:22 Application started. Press Ctrl+C to shut down.
INFO  12:02:22 Application started. Press Ctrl+C to shut down.
INFO  12:02:22 Hosting environment: Development
INFO  12:02:22 Hosting environment: Development
INFO  12:02:22 Content root path: C:\Users\suvin\Downloads\AuditChecklistModule
INFO  12:02:22 Content root path: C:\Users\suvin\Downloads\AuditChecklistModule
INFO  12:04:07 Application started. Press Ctrl+C to shut down.
INFO  12:04:07 Application started. Press Ctrl+C to shut down.
INFO  12:04:07 Hosting environment: Development
INFO  12:04:07 Hosting environment: Development
INFO  12:04:07 Content root path: C:\Users\suvin\Downloads\AuditChecklistModule
INFO  12:04:07 Content root path: C:\Users\suvin\Downloads\AuditChecklistModule
INFO  12:04:31 AuditChecklistController Http GET request calledAuditChecklistController
INFO  12:04:31  Http GET request calledChecklistProvider
INFO  12:04:31 Log from ChecklistRepo
INFO  12:09:53 Application started. Press Ctrl+C to shut down.
INFO  12:09:53 Application started. Press Ctrl+C to shut down.
INFO  12:09:53 Hosting environment: Development
INFO  12:09:53 Hosting environment: Development
INFO  12:09:53 Content root path: C:\Users\suvin\Downloads\AuditChecklistModule
INFO  12:09:53 Content root path: C:\Users\suvin\Downloads\AuditChecklistModule
INFO  12:15:15 Application started. Press Ctrl+C to shut down.
INFO  12:15:15 Application started. Press Ctrl+C to shut down.
INFO  12:15:15 Hosting environment: Development
INFO  12:15:15 Hosting environment: Development
INFO  12:15:15 Content root path: C:\Users\suvin\Downloads\AuditChecklistModule
INFO  12:15:15 Content root path: C:\Users\suvin\Downloads\AuditChecklistModule
INFO  10:46:09 Application started. Press Ctrl+C to shut down.
INFO  10:46:09 Application started. Press Ctrl+C to shut down.
INFO  10:46:09 Hosting environment: Development
INFO  10:46:09 Hosting environment: Development
INFO  10:46:09 Content root path: C:\Users\Shali\OneDrive\Desktop\AuditManagementSystem-master\AuditChecklistModule
INFO  10:46:09 Content root path: C:\Users\Shali\OneDrive\Desktop\AuditManagementSystem-master\AuditChecklistModule
INFO  10:47:18 Application started. Press Ctrl+C to shut down.
INFO  10:47:18 Application started. Press Ctrl+C to shut down.
INFO  10:47:18 Hosting environment: Development
INFO  10:47:18 Hosting environment: Development
INFO  10:47:18 Content root path: C:\Users\Shali\OneDrive\Desktop\AuditManagementSystem-master\AuditChecklistModule
INFO  10:47:18 Content root path: C:\Users\Shali\OneDrive\Desktop\AuditManagementSystem-master\AuditChecklistModule
INFO  10:48:16 Application started. Press Ctrl+C to shut down.
INFO  10:48:16 Application started. Press Ctrl+C to shut down.
INFO  10:48:16 Hosting environment: Development
INFO  10:48:16 Hosting environment: Development
INFO  10:48:16 Content root path: C:\Users\Shali\OneDrive\Desktop\AuditManagementSystem-master\AuditChecklistModule
INFO  10:48:16 Content root path: C:\Users\Shali\OneDrive\Desktop\AuditManagementSystem-master\AuditChecklistModule
FATAL 10:52:56 Application startup exception
System.InvalidOperationException: Unable to find the required services. Please add all the required services by calling 'IServiceCollection.AddRazorPages' inside the call to 'ConfigureServices(...)' in the application startup code.
   at Microsoft.AspNetCore.Builder.RazorPagesEndpointRouteBuilderExtensions.EnsureRazorPagesServices(IEndpointRouteBuilder endpoints)
   at Microsoft.AspNetCore.Builder.RazorPagesEndpointRouteBuilderExtensions.MapRazorPages(IEndpointRouteBuilder endpoints)
   at AuditChecklistModule.Startup.<>c.<Configure>b__5_1(IEndpointRouteBuilder endpoints) in C:\Users\Shali\OneDrive\Desktop\AuditManagementSystem-master\AuditChecklistModule\Startup.cs:line 64
   at Microsoft.AspNetCore.Builder.EndpointRoutingApplicationBuilderExtensions.UseEndpoints(IApplicationBuilder builder, Action`1 configure)
   at AuditChecklistModule.Startup.Configure(IApplicationBuilder app, IWebHostEnvironment env, ILoggerFactory loggerFactory) in C:\Users\Shali\OneDrive\Desktop\AuditManagementSystem-master\AuditChecklistModule\Startup.cs:line 62
   at System.RuntimeMethodHandle.InvokeMethod(Object target, Object[] arguments, Signature sig, Boolean constructor, Boolean wrapExceptions)
   at System.Reflection.RuntimeMethodInfo.Invoke(Object obj, BindingFlags invokeAttr, Binder binder, Object[] parameters, CultureInfo culture)
   at Microsoft.AspNetCore.Hosting.ConfigureBuilder.Invoke(Object instance, IApplicationBuilder builder)
   at Microsoft.AspNetCore.Hosting.ConfigureBuilder.<>c__DisplayClass4_0.<Build>b__0(IApplicationBuilder builder)
   at Microsoft.AspNetCore.Hosting.GenericWebHostBuilder.<>c__DisplayClass13_0.<UseStartup>b__2(IApplicationBuilder app)
   at Microsoft.AspNetCore.Mvc.Filters.MiddlewareFilterBuilderStartupFilter.<>c__DisplayClass0_0.<Configure>g__MiddlewareFilterBuilder|0(IApplicationBuilder builder)
   at Microsoft.AspNetCore.Server.IIS.Core.IISServerSetupFilter.<>c__DisplayClass2_0.<Configure>b__0(IApplicationBuilder app)
   at Microsoft.AspNetCore.HostFilteringStartupFilter.<>c__DisplayClass0_0.<Configure>b__0(IApplicationBuilder app)
   at Microsoft.AspNetCore.Watch.BrowserRefresh.HostingStartup.<>c__DisplayClass1_0.<Configure>b__0(IApplicationBuilder app)
   at Microsoft.AspNetCore.Hosting.GenericWebHostService.StartAsync(CancellationToken cancellationToken)
FATAL 10:52:57 Application startup exception
System.InvalidOperationException: Unable to find the required services. Please add all the required services by calling 'IServiceCollection.AddRazorPages' inside the call to 'ConfigureServices(...)' in the application startup code.
   at Microsoft.AspNetCore.Builder.RazorPagesEndpointRouteBuilderExtensions.EnsureRazorPagesServices(IEndpointRouteBuilder endpoints)
   at Microsoft.AspNetCore.Builder.RazorPagesEndpointRouteBuilderExtensions.MapRazorPages(IEndpointRouteBuilder endpoints)
   at AuditChecklistModule.Startup.<>c.<Configure>b__5_1(IEndpointRouteBuilder endpoints) in C:\Users\Shali\OneDrive\Desktop\AuditManagementSystem-master\AuditChecklistModule\Startup.cs:line 64
   at Microsoft.AspNetCore.Builder.EndpointRoutingApplicationBuilderExtensions.UseEndpoints(IApplicationBuilder builder, Action`1 configure)
   at AuditChecklistModule.Startup.Configure(IApplicationBuilder app, IWebHostEnvironment env, ILoggerFactory loggerFactory) in C:\Users\Shali\OneDrive\Desktop\AuditManagementSystem-master\AuditChecklistModule\Startup.cs:line 62
   at System.RuntimeMethodHandle.InvokeMethod(Object target, Object[] arguments, Signature sig, Boolean constructor, Boolean wrapExceptions)
   at System.Reflection.RuntimeMethodInfo.Invoke(Object obj, BindingFlags invokeAttr, Binder binder, Object[] parameters, CultureInfo culture)
   at Microsoft.AspNetCore.Hosting.ConfigureBuilder.Invoke(Object instance, IApplicationBuilder builder)
   at Microsoft.AspNetCore.Hosting.ConfigureBuilder.<>c__DisplayClass4_0.<Build>b__0(IApplicationBuilder builder)
   at Microsoft.AspNetCore.Hosting.GenericWebHostBuilder.<>c__DisplayClass13_0.<UseStartup>b__2(IApplicationBuilder app)
   at Microsoft.AspNetCore.Mvc.Filters.MiddlewareFilterBuilderStartupFilter.<>c__DisplayClass0_0.<Configure>g__MiddlewareFilterBuilder|0(IApplicationBuilder builder)
   at Microsoft.AspNetCore.Server.IIS.Core.IISServerSetupFilter.<>c__DisplayClass2_0.<Configure>b__0(IApplicationBuilder app)
   at Microsoft.AspNetCore.HostFilteringStartupFilter.<>c__DisplayClass0_0.<Configure>b__0(IApplicationBuilder app)
   at Microsoft.AspNetCore.Watch.BrowserRefresh.HostingStartup.<>c__DisplayClass1_0.<Configure>b__0(IApplicationBuilder app)
   at Microsoft.AspNetCore.Hosting.GenericWebHostService.StartAsync(CancellationToken cancellationToken)
FATAL 10:56:36 Application startup exception
System.InvalidOperationException: Unable to find the required services. Please add all the required services by calling 'IServiceCollection.AddRazorPages' inside the call to 'ConfigureServices(...)' in the application startup code.
   at Microsoft.AspNetCore.Builder.RazorPagesEndpointRouteBuilderExtensions.EnsureRazorPagesServices(IEndpointRouteBuilder endpoints)
   at Microsoft.AspNetCore.Builder.RazorPagesEndpointRouteBuilderExtensions.MapRazorPages(IEndpointRouteBuilder endpoints)
   at AuditChecklistModule.Startup.<>c.<Configure>b__5_1(IEndpointRouteBuilder endpoints) in C:\Users\Shali\OneDrive\Desktop\AuditManagementSystem-master\AuditChecklistModule\Startup.cs:line 64
   at Microsoft.AspNetCore.Builder.EndpointRoutingApplicationBuilderExtensions.UseEndpoints(IApplicationBuilder builder, Action`1 configure)
   at AuditChecklistModule.Startup.Configure(IApplicationBuilder app, IWebHostEnvironment env, ILoggerFactory loggerFactory) in C:\Users\Shali\OneDrive\Desktop\AuditManagementSystem-master\AuditChecklistModule\Startup.cs:line 62
   at System.RuntimeMethodHandle.InvokeMethod(Object target, Object[] arguments, Signature sig, Boolean constructor, Boolean wrapExceptions)
   at System.Reflection.RuntimeMethodInfo.Invoke(Object obj, BindingFlags invokeAttr, Binder binder, Object[] parameters, CultureInfo culture)
   at Microsoft.AspNetCore.Hosting.ConfigureBuilder.Invoke(Object instance, IApplicationBuilder builder)
   at Microsoft.AspNetCore.Hosting.ConfigureBuilder.<>c__DisplayClass4_0.<Build>b__0(IApplicationBuilder builder)
   at Microsoft.AspNetCore.Hosting.GenericWebHostBuilder.<>c__DisplayClass13_0.<UseStartup>b__2(IApplicationBuilder app)
   at Microsoft.AspNetCore.Mvc.Filters.MiddlewareFilterBuilderStartupFilter.<>c__DisplayClass0_0.<Configure>g__MiddlewareFilterBuilder|0(IApplicationBuilder builder)
   at Microsoft.AspNetCore.Server.IIS.Core.IISServerSetupFilter.<>c__DisplayClass2_0.<Configure>b__0(IApplicationBuilder app)
   at Microsoft.AspNetCore.HostFilteringStartupFilter.<>c__DisplayClass0_0.<Configure>b__0(IApplicationBuilder app)
   at Microsoft.AspNetCore.Watch.BrowserRefresh.HostingStartup.<>c__DisplayClass1_0.<Configure>b__0(IApplicationBuilder app)
   at Microsoft.AspNetCore.Hosting.GenericWebHostService.StartAsync(CancellationToken cancellationToken)
FATAL 10:56:36 Application startup exception
System.InvalidOperationException: Unable to find the required services. Please add all the required services by calling 'IServiceCollection.AddRazorPages' inside the call to 'ConfigureServices(...)' in the application startup code.
   at Microsoft.AspNetCore.Builder.RazorPagesEndpointRouteBuilderExtensions.EnsureRazorPagesServices(IEndpointRouteBuilder endpoints)
   at Microsoft.AspNetCore.Builder.RazorPagesEndpointRouteBuilderExtensions.MapRazorPages(IEndpointRouteBuilder endpoints)
   at AuditChecklistModule.Startup.<>c.<Configure>b__5_1(IEndpointRouteBuilder endpoints) in C:\Users\Shali\OneDrive\Desktop\AuditManagementSystem-master\AuditChecklistModule\Startup.cs:line 64
   at Microsoft.AspNetCore.Builder.EndpointRoutingApplicationBuilderExtensions.UseEndpoints(IApplicationBuilder builder, Action`1 configure)
   at AuditChecklistModule.Startup.Configure(IApplicationBuilder app, IWebHostEnvironment env, ILoggerFactory loggerFactory) in C:\Users\Shali\OneDrive\Desktop\AuditManagementSystem-master\AuditChecklistModule\Startup.cs:line 62
   at System.RuntimeMethodHandle.InvokeMethod(Object target, Object[] arguments, Signature sig, Boolean constructor, Boolean wrapExceptions)
   at System.Reflection.RuntimeMethodInfo.Invoke(Object obj, BindingFlags invokeAttr, Binder binder, Object[] parameters, CultureInfo culture)
   at Microsoft.AspNetCore.Hosting.ConfigureBuilder.Invoke(Object instance, IApplicationBuilder builder)
   at Microsoft.AspNetCore.Hosting.ConfigureBuilder.<>c__DisplayClass4_0.<Build>b__0(IApplicationBuilder builder)
   at Microsoft.AspNetCore.Hosting.GenericWebHostBuilder.<>c__DisplayClass13_0.<UseStartup>b__2(IApplicationBuilder app)
   at Microsoft.AspNetCore.Mvc.Filters.MiddlewareFilterBuilderStartupFilter.<>c__DisplayClass0_0.<Configure>g__MiddlewareFilterBuilder|0(IApplicationBuilder builder)
   at Microsoft.AspNetCore.Server.IIS.Core.IISServerSetupFilter.<>c__DisplayClass2_0.<Configure>b__0(IApplicationBuilder app)
   at Microsoft.AspNetCore.HostFilteringStartupFilter.<>c__DisplayClass0_0.<Configure>b__0(IApplicationBuilder app)
   at Microsoft.AspNetCore.Watch.BrowserRefresh.HostingStartup.<>c__DisplayClass1_0.<Configure>b__0(IApplicationBuilder app)
   at Microsoft.AspNetCore.Hosting.GenericWebHostService.StartAsync(CancellationToken cancellationToken)
INFO  10:57:26 Application started. Press Ctrl+C to shut down.
INFO  10:57:26 Application started. Press Ctrl+C to shut down.
INFO  10:57:26 Hosting environment: Development
INFO  10:57:26 Hosting environment: Development
INFO  10:57:26 Content root path: C:\Users\Shali\OneDrive\Desktop\AuditManagementSystem-master\AuditChecklistModule
INFO  10:57:26 Content root path: C:\Users\Shali\OneDrive\Desktop\AuditManagementSystem-master\AuditChecklistModule
INFO  11:00:46 Application started. Press Ctrl+C to shut down.
INFO  11:00:46 Application started. Press Ctrl+C to shut down.
INFO  11:00:46 Hosting environment: Development
INFO  11:00:46 Hosting environment: Development
INFO  11:00:46 Content root path: C:\Users\Shali\OneDrive\Desktop\AuditManagementSystem-master\AuditChecklistModule
INFO  11:00:46 Content root path: C:\Users\Shali\OneDrive\Desktop\AuditManagementSystem-master\AuditChecklistModule
INFO  11:07:31 Application started. Press Ctrl+C to shut down.
INFO  11:07:31 Application started. Press Ctrl+C to shut down.
INFO  11:07:31 Hosting environment: Development
INFO  11:07:31 Hosting environment: Development
INFO  11:07:31 Content root path: C:\Users\Shali\OneDrive\Desktop\AuditManagementSystem-master\AuditChecklistModule
INFO  11:07:31 Content root path: C:\Users\Shali\OneDrive\Desktop\AuditManagementSystem-master\AuditChecklistModule
INFO  11:09:55 Application started. Press Ctrl+C to shut down.
INFO  11:09:55 Application started. Press Ctrl+C to shut down.
INFO  11:09:55 Hosting environment: Development
INFO  11:09:55 Hosting environment: Development
INFO  11:09:55 Content root path: C:\Users\Shali\OneDrive\Desktop\AuditManagementSystem-master\AuditChecklistModule
INFO  11:09:55 Content root path: C:\Users\Shali\OneDrive\Desktop\AuditManagementSystem-master\AuditChecklistModule
INFO  11:27:00 Application started. Press Ctrl+C to shut down.
INFO  11:27:00 Application started. Press Ctrl+C to shut down.
INFO  11:27:00 Hosting environment: Development
INFO  11:27:00 Hosting environment: Development
INFO  11:27:00 Content root path: C:\Users\Shali\OneDrive\Desktop\AuditManagementSystem-master\AuditChecklistModule
INFO  11:27:00 Content root path: C:\Users\Shali\OneDrive\Desktop\AuditManagementSystem-master\AuditChecklistModule
INFO  11:33:52 AuditChecklistController Http GET request calledAuditChecklistController
INFO  11:33:52  Http GET request calledChecklistProvider
INFO  11:33:52 Log from ChecklistRepo
INFO  11:34:12 AuditChecklistController Http GET request calledAuditChecklistController
INFO  11:34:12  Http GET request calledChecklistProvider
INFO  11:34:12 Log from ChecklistRepo
INFO  11:43:18 Application started. Press Ctrl+C to shut down.
INFO  11:43:18 Application started. Press Ctrl+C to shut down.
INFO  11:43:18 Hosting environment: Development
INFO  11:43:18 Hosting environment: Development
INFO  11:43:18 Content root path: C:\Users\Shali\OneDrive\Desktop\AuditManagementSystem-master\AuditChecklistModule
INFO  11:43:18 Content root path: C:\Users\Shali\OneDrive\Desktop\AuditManagementSystem-master\AuditChecklistModule
INFO  11:43:26 AuditChecklistController Http GET request calledAuditChecklistController
INFO  11:43:26  Http GET request calledChecklistProvider
INFO  11:43:26 Log from ChecklistRepo
INFO  11:44:04 AuditChecklistController Http GET request calledAuditChecklistController
INFO  11:44:04  Http GET request calledChecklistProvider
INFO  11:44:04 Log from ChecklistRepo
INFO  12:14:20 AuditChecklistController Http GET request calledAuditChecklistController
INFO  12:14:20  Http GET request calledChecklistProvider
INFO  12:14:20 Log from ChecklistRepo
INFO  12:18:13 AuditChecklistController Http GET request calledAuditChecklistController
INFO  12:18:13  Http GET request calledChecklistProvider
INFO  12:18:13 Log from ChecklistRepo
INFO  12:18:18 AuditChecklistController Http GET request calledAuditChecklistController
INFO  12:18:18  Http GET request calledChecklistProvider
INFO  12:18:18 Log from ChecklistRepo
INFO  12:18:27 AuditChecklistController Http GET request calledAuditChecklistController
INFO  12:18:27  Http GET request calledChecklistProvider
INFO  12:18:27 Log from ChecklistRepo
INFO  12:29:01 AuditChecklistController Http GET request calledAuditChecklistController
INFO  12:29:01  Http GET request calledChecklistProvider
INFO  12:29:01 Log from ChecklistRepo
INFO  12:29:27 AuditChecklistController Http GET request calledAuditChecklistController
INFO  12:29:27  Http GET request calledChecklistProvider
INFO  12:29:27 Log from ChecklistRepo
INFO  12:30:31 AuditChecklistController Http GET request calledAuditChecklistController
INFO  12:30:31  Http GET request calledChecklistProvider
INFO  12:30:31 Log from ChecklistRepo
INFO  12:36:10 AuditChecklistController Http GET request calledAuditChecklistController
INFO  12:36:10  Http GET request calledChecklistProvider
INFO  12:36:10 Log from ChecklistRepo
INFO  12:37:24 AuditChecklistController Http GET request calledAuditChecklistController
INFO  12:37:24  Http GET request calledChecklistProvider
INFO  12:37:24 Log from ChecklistRepo
INFO  12:37:56 AuditChecklistController Http GET request calledAuditChecklistController
INFO  12:37:56  Http GET request calledChecklistProvider
INFO  12:37:56 Log from ChecklistRepo
INFO  12:48:57 AuditChecklistController Http GET request calledAuditChecklistController
INFO  12:48:57  Http GET request calledChecklistProvider
INFO  12:48:57 Log from ChecklistRepo
INFO  12:49:35 AuditChecklistController Http GET request calledAuditChecklistController
INFO  12:49:35  Http GET request calledChecklistProvider
INFO  12:49:35 Log from ChecklistRepo
INFO  01:09:53 AuditChecklistController Http GET request calledAuditChecklistController
INFO  01:09:53  Http GET request calledChecklistProvider
INFO  01:09:53 Log from ChecklistRepo
INFO  01:10:36 AuditChecklistController Http GET request calledAuditChecklistController
INFO  01:10:36  Http GET request calledChecklistProvider
INFO  01:10:36 Log from ChecklistRepo
INFO  01:11:08 AuditChecklistController Http GET request calledAuditChecklistController
INFO  01:11:08  Http GET request calledChecklistProvider
INFO  01:11:08 Log from ChecklistRepo
INFO  01:19:12 AuditChecklistController Http GET request calledAuditChecklistController
INFO  01:19:12  Http GET request calledChecklistProvider
INFO  01:19:12 Log from ChecklistRepo
INFO  02:24:13 AuditChecklistController Http GET request calledAuditChecklistController
INFO  02:24:13  Http GET request calledChecklistProvider
INFO  02:24:13 Log from ChecklistRepo
INFO  02:25:07 AuditChecklistController Http GET request calledAuditChecklistController
INFO  02:25:07  Http GET request calledChecklistProvider
INFO  02:25:07 Log from ChecklistRepo
INFO  02:28:55 AuditChecklistController Http GET request calledAuditChecklistController
INFO  02:28:55  Http GET request calledChecklistProvider
INFO  02:28:55 Log from ChecklistRepo
INFO  02:29:27 AuditChecklistController Http GET request calledAuditChecklistController
INFO  02:29:27  Http GET request calledChecklistProvider
INFO  02:29:27 Log from ChecklistRepo
INFO  02:30:06 AuditChecklistController Http GET request calledAuditChecklistController
INFO  02:30:06  Http GET request calledChecklistProvider
INFO  02:30:06 Log from ChecklistRepo
INFO  02:31:18 AuditChecklistController Http GET request calledAuditChecklistController
INFO  02:31:18  Http GET request calledChecklistProvider
INFO  02:31:18 Log from ChecklistRepo
INFO  02:31:37 AuditChecklistController Http GET request calledAuditChecklistController
INFO  02:31:37  Http GET request calledChecklistProvider
INFO  02:31:37 Log from ChecklistRepo
INFO  02:33:31 AuditChecklistController Http GET request calledAuditChecklistController
INFO  02:33:31  Http GET request calledChecklistProvider
INFO  02:33:31 Log from ChecklistRepo
INFO  02:36:44 AuditChecklistController Http GET request calledAuditChecklistController
INFO  02:36:44  Http GET request calledChecklistProvider
INFO  02:36:44 Log from ChecklistRepo
INFO  02:39:12 AuditChecklistController Http GET request calledAuditChecklistController
INFO  02:39:12  Http GET request calledChecklistProvider
INFO  02:39:12 Log from ChecklistRepo
INFO  02:39:48 AuditChecklistController Http GET request calledAuditChecklistController
INFO  02:39:48  Http GET request calledChecklistProvider
INFO  02:39:48 Log from ChecklistRepo
INFO  02:42:30 AuditChecklistController Http GET request calledAuditChecklistController
INFO  02:42:30  Http GET request calledChecklistProvider
INFO  02:42:30 Log from ChecklistRepo
INFO  03:08:30 AuditChecklistController Http GET request calledAuditChecklistController
INFO  03:08:30  Http GET request calledChecklistProvider
INFO  03:08:30 Log from ChecklistRepo
INFO  03:12:29 AuditChecklistController Http GET request calledAuditChecklistController
INFO  03:12:29  Http GET request calledChecklistProvider
INFO  03:12:29 Log from ChecklistRepo
INFO  03:18:17 AuditChecklistController Http GET request calledAuditChecklistController
INFO  03:18:17  Http GET request calledChecklistProvider
INFO  03:18:17 Log from ChecklistRepo
INFO  03:23:29 AuditChecklistController Http GET request calledAuditChecklistController
INFO  03:23:29  Http GET request calledChecklistProvider
INFO  03:23:29 Log from ChecklistRepo
INFO  03:26:54 AuditChecklistController Http GET request calledAuditChecklistController
INFO  03:26:54  Http GET request calledChecklistProvider
INFO  03:26:54 Log from ChecklistRepo
INFO  03:30:39 AuditChecklistController Http GET request calledAuditChecklistController
INFO  03:30:39  Http GET request calledChecklistProvider
INFO  03:30:39 Log from ChecklistRepo
INFO  03:33:59 AuditChecklistController Http GET request calledAuditChecklistController
INFO  03:33:59  Http GET request calledChecklistProvider
INFO  03:33:59 Log from ChecklistRepo
INFO  03:45:51 AuditChecklistController Http GET request calledAuditChecklistController
INFO  03:45:51  Http GET request calledChecklistProvider
INFO  03:45:51 Log from ChecklistRepo
INFO  03:46:33 AuditChecklistController Http GET request calledAuditChecklistController
INFO  03:46:33  Http GET request calledChecklistProvider
INFO  03:46:33 Log from ChecklistRepo
INFO  04:07:31 AuditChecklistController Http GET request calledAuditChecklistController
INFO  04:07:31  Http GET request calledChecklistProvider
INFO  04:07:31 Log from ChecklistRepo
INFO  04:09:19 AuditChecklistController Http GET request calledAuditChecklistController
INFO  04:09:19  Http GET request calledChecklistProvider
INFO  04:09:19 Log from ChecklistRepo
INFO  04:17:46 AuditChecklistController Http GET request calledAuditChecklistController
INFO  04:17:46  Http GET request calledChecklistProvider
INFO  04:17:46 Log from ChecklistRepo
INFO  04:18:34 AuditChecklistController Http GET request calledAuditChecklistController
INFO  04:18:34  Http GET request calledChecklistProvider
INFO  04:18:34 Log from ChecklistRepo
INFO  04:21:19 AuditChecklistController Http GET request calledAuditChecklistController
INFO  04:21:19  Http GET request calledChecklistProvider
INFO  04:21:19 Log from ChecklistRepo
INFO  04:29:28 AuditChecklistController Http GET request calledAuditChecklistController
INFO  04:29:28  Http GET request calledChecklistProvider
INFO  04:29:28 Log from ChecklistRepo
INFO  05:17:16 Application started. Press Ctrl+C to shut down.
INFO  05:17:16 Application started. Press Ctrl+C to shut down.
INFO  05:17:16 Hosting environment: Development
INFO  05:17:16 Hosting environment: Development
INFO  05:17:16 Content root path: C:\Users\Shali\OneDrive\Desktop\AuditManagementSystem-master\AuditChecklistModule
INFO  05:17:16 Content root path: C:\Users\Shali\OneDrive\Desktop\AuditManagementSystem-master\AuditChecklistModule
INFO  05:57:37 Application started. Press Ctrl+C to shut down.
INFO  05:57:37 Application started. Press Ctrl+C to shut down.
INFO  05:57:37 Hosting environment: Development
INFO  05:57:37 Hosting environment: Development
INFO  05:57:37 Content root path: C:\Users\Shali\OneDrive\Desktop\AuditManagementSystem-master\AuditChecklistModule
INFO  05:57:37 Content root path: C:\Users\Shali\OneDrive\Desktop\AuditManagementSystem-master\AuditChecklistModule
INFO  05:58:19 AuditChecklistController Http GET request calledAuditChecklistController
INFO  05:58:19  Http GET request calledChecklistProvider
INFO  05:58:19 Log from ChecklistRepo
INFO  12:15:40 AuditChecklistController Http GET request calledAuditChecklistController
INFO  12:15:40  Http GET request calledChecklistProvider
INFO  12:15:40 Log from ChecklistRepo
INFO  12:17:51 AuditChecklistController Http GET request calledAuditChecklistController
INFO  12:17:51  Http GET request calledChecklistProvider
INFO  12:17:51 Log from ChecklistRepo
INFO  12:23:20 AuditChecklistController Http GET request calledAuditChecklistController
INFO  12:23:20  Http GET request calledChecklistProvider
INFO  12:23:20 Log from ChecklistRepo
INFO  12:24:00 AuditChecklistController Http GET request calledAuditChecklistController
INFO  12:24:00  Http GET request calledChecklistProvider
INFO  12:24:00 Log from ChecklistRepo
INFO  12:26:28 AuditChecklistController Http GET request calledAuditChecklistController
INFO  12:26:28  Http GET request calledChecklistProvider
INFO  12:26:28 Log from ChecklistRepo
INFO  12:27:45 AuditChecklistController Http GET request calledAuditChecklistController
INFO  12:27:45  Http GET request calledChecklistProvider
INFO  12:27:45 Log from ChecklistRepo
INFO  12:34:54 AuditChecklistController Http GET request calledAuditChecklistController
INFO  12:34:54  Http GET request calledChecklistProvider
INFO  12:34:54 Log from ChecklistRepo
INFO  12:36:02 AuditChecklistController Http GET request calledAuditChecklistController
INFO  12:36:02  Http GET request calledChecklistProvider
INFO  12:36:02 Log from ChecklistRepo
INFO  12:54:57 AuditChecklistController Http GET request calledAuditChecklistController
INFO  12:54:57  Http GET request calledChecklistProvider
INFO  12:54:57 Log from ChecklistRepo
INFO  12:57:24 AuditChecklistController Http GET request calledAuditChecklistController
INFO  12:57:24  Http GET request calledChecklistProvider
INFO  12:57:24 Log from ChecklistRepo
INFO  01:00:19 AuditChecklistController Http GET request calledAuditChecklistController
INFO  01:00:19  Http GET request calledChecklistProvider
INFO  01:00:19 Log from ChecklistRepo
INFO  01:15:58 AuditChecklistController Http GET request calledAuditChecklistController
INFO  01:15:58  Http GET request calledChecklistProvider
INFO  01:15:58 Log from ChecklistRepo
INFO  01:21:46 AuditChecklistController Http GET request calledAuditChecklistController
INFO  01:21:46  Http GET request calledChecklistProvider
INFO  01:21:46 Log from ChecklistRepo
INFO  01:23:56 AuditChecklistController Http GET request calledAuditChecklistController
INFO  01:23:56  Http GET request calledChecklistProvider
INFO  01:23:56 Log from ChecklistRepo
INFO  01:27:20 AuditChecklistController Http GET request calledAuditChecklistController
INFO  01:27:20  Http GET request calledChecklistProvider
INFO  01:27:20 Log from ChecklistRepo
INFO  01:30:26 AuditChecklistController Http GET request calledAuditChecklistController
INFO  01:30:26  Http GET request calledChecklistProvider
INFO  01:30:26 Log from ChecklistRepo
INFO  01:32:14 AuditChecklistController Http GET request calledAuditChecklistController
INFO  01:32:14  Http GET request calledChecklistProvider
INFO  01:32:14 Log from ChecklistRepo
INFO  01:34:59 AuditChecklistController Http GET request calledAuditChecklistController
INFO  01:34:59  Http GET request calledChecklistProvider
INFO  01:34:59 Log from ChecklistRepo
INFO  01:35:46 AuditChecklistController Http GET request calledAuditChecklistController
INFO  01:35:46  Http GET request calledChecklistProvider
INFO  01:35:46 Log from ChecklistRepo
INFO  01:46:09 AuditChecklistController Http GET request calledAuditChecklistController
INFO  01:46:09  Http GET request calledChecklistProvider
INFO  01:46:09 Log from ChecklistRepo
INFO  01:48:54 AuditChecklistController Http GET request calledAuditChecklistController
INFO  01:48:54  Http GET request calledChecklistProvider
INFO  01:48:54 Log from ChecklistRepo
INFO  01:51:41 AuditChecklistController Http GET request calledAuditChecklistController
INFO  01:51:41  Http GET request calledChecklistProvider
INFO  01:51:41 Log from ChecklistRepo
INFO  01:52:31 AuditChecklistController Http GET request calledAuditChecklistController
INFO  01:52:31  Http GET request calledChecklistProvider
INFO  01:52:31 Log from ChecklistRepo
INFO  01:54:55 AuditChecklistController Http GET request calledAuditChecklistController
INFO  01:54:55  Http GET request calledChecklistProvider
INFO  01:54:55 Log from ChecklistRepo
INFO  02:02:55 AuditChecklistController Http GET request calledAuditChecklistController
INFO  02:02:55  Http GET request calledChecklistProvider
INFO  02:02:55 Log from ChecklistRepo
INFO  02:04:43 AuditChecklistController Http GET request calledAuditChecklistController
INFO  02:04:43  Http GET request calledChecklistProvider
INFO  02:04:43 Log from ChecklistRepo
INFO  02:05:35 AuditChecklistController Http GET request calledAuditChecklistController
INFO  02:05:35  Http GET request calledChecklistProvider
INFO  02:05:35 Log from ChecklistRepo
INFO  02:06:31 AuditChecklistController Http GET request calledAuditChecklistController
INFO  02:06:31  Http GET request calledChecklistProvider
INFO  02:06:31 Log from ChecklistRepo
INFO  02:10:37 AuditChecklistController Http GET request calledAuditChecklistController
INFO  02:10:37  Http GET request calledChecklistProvider
INFO  02:10:37 Log from ChecklistRepo
INFO  02:14:05 AuditChecklistController Http GET request calledAuditChecklistController
INFO  02:14:05  Http GET request calledChecklistProvider
INFO  02:14:05 Log from ChecklistRepo
INFO  02:26:24 AuditChecklistController Http GET request calledAuditChecklistController
INFO  02:26:24  Http GET request calledChecklistProvider
INFO  02:26:24 Log from ChecklistRepo
INFO  02:27:49 AuditChecklistController Http GET request calledAuditChecklistController
INFO  02:27:49  Http GET request calledChecklistProvider
INFO  02:27:49 Log from ChecklistRepo
INFO  02:28:07 AuditChecklistController Http GET request calledAuditChecklistController
INFO  02:28:07  Http GET request calledChecklistProvider
INFO  02:28:07 Log from ChecklistRepo
INFO  02:28:29 AuditChecklistController Http GET request calledAuditChecklistController
INFO  02:28:29  Http GET request calledChecklistProvider
INFO  02:28:29 Log from ChecklistRepo
INFO  02:28:39 AuditChecklistController Http GET request calledAuditChecklistController
INFO  02:28:39  Http GET request calledChecklistProvider
INFO  02:28:39 Log from ChecklistRepo
INFO  03:26:08 AuditChecklistController Http GET request calledAuditChecklistController
INFO  03:26:08  Http GET request calledChecklistProvider
INFO  03:26:08 Log from ChecklistRepo
INFO  03:29:50 AuditChecklistController Http GET request calledAuditChecklistController
INFO  03:29:50  Http GET request calledChecklistProvider
INFO  03:29:50 Log from ChecklistRepo
INFO  03:31:26 AuditChecklistController Http GET request calledAuditChecklistController
INFO  03:31:26  Http GET request calledChecklistProvider
INFO  03:31:26 Log from ChecklistRepo
INFO  03:43:46 AuditChecklistController Http GET request calledAuditChecklistController
INFO  03:43:46  Http GET request calledChecklistProvider
INFO  03:43:46 Log from ChecklistRepo
INFO  03:44:37 AuditChecklistController Http GET request calledAuditChecklistController
INFO  03:44:37  Http GET request calledChecklistProvider
INFO  03:44:37 Log from ChecklistRepo
INFO  03:53:31 Application started. Press Ctrl+C to shut down.
INFO  03:53:31 Application started. Press Ctrl+C to shut down.
INFO  03:53:31 Hosting environment: Development
INFO  03:53:31 Hosting environment: Development
INFO  03:53:31 Content root path: C:\Users\Shali\OneDrive\Desktop\AuditManagementSystem-master\AuditChecklistModule
INFO  03:53:31 Content root path: C:\Users\Shali\OneDrive\Desktop\AuditManagementSystem-master\AuditChecklistModule
INFO  03:54:17 Application started. Press Ctrl+C to shut down.
INFO  03:54:17 Application started. Press Ctrl+C to shut down.
INFO  03:54:17 Hosting environment: Development
INFO  03:54:17 Hosting environment: Development
INFO  03:54:17 Content root path: C:\Users\Shali\OneDrive\Desktop\AuditManagementSystem-master\AuditChecklistModule
INFO  03:54:17 Content root path: C:\Users\Shali\OneDrive\Desktop\AuditManagementSystem-master\AuditChecklistModule
INFO  03:55:34 Application started. Press Ctrl+C to shut down.
INFO  03:55:34 Application started. Press Ctrl+C to shut down.
INFO  03:55:34 Hosting environment: Development
INFO  03:55:34 Hosting environment: Development
INFO  03:55:34 Content root path: C:\Users\Shali\OneDrive\Desktop\AuditManagementSystem-master\AuditChecklistModule
INFO  03:55:34 Content root path: C:\Users\Shali\OneDrive\Desktop\AuditManagementSystem-master\AuditChecklistModule
INFO  04:23:25 AuditChecklistController Http GET request calledAuditChecklistController
INFO  04:23:25  Http GET request calledChecklistProvider
INFO  04:23:25 Log from ChecklistRepo
INFO  04:24:15 AuditChecklistController Http GET request calledAuditChecklistController
INFO  04:24:15  Http GET request calledChecklistProvider
INFO  04:24:15 Log from ChecklistRepo
INFO  04:27:32 AuditChecklistController Http GET request calledAuditChecklistController
INFO  04:27:32  Http GET request calledChecklistProvider
INFO  04:27:32 Log from ChecklistRepo
INFO  04:28:20 AuditChecklistController Http GET request calledAuditChecklistController
INFO  04:28:20  Http GET request calledChecklistProvider
INFO  04:28:20 Log from ChecklistRepo
INFO  04:28:35 AuditChecklistController Http GET request calledAuditChecklistController
INFO  04:28:35  Http GET request calledChecklistProvider
INFO  04:28:35 Log from ChecklistRepo
INFO  04:30:31 AuditChecklistController Http GET request calledAuditChecklistController
INFO  04:30:31  Http GET request calledChecklistProvider
INFO  04:30:31 Log from ChecklistRepo
INFO  04:35:01 AuditChecklistController Http GET request calledAuditChecklistController
INFO  04:35:01  Http GET request calledChecklistProvider
INFO  04:35:01 Log from ChecklistRepo
INFO  04:36:26 AuditChecklistController Http GET request calledAuditChecklistController
INFO  04:36:26  Http GET request calledChecklistProvider
INFO  04:36:26 Log from ChecklistRepo
INFO  04:37:22 AuditChecklistController Http GET request calledAuditChecklistController
INFO  04:37:22  Http GET request calledChecklistProvider
INFO  04:37:22 Log from ChecklistRepo
INFO  04:37:39 AuditChecklistController Http GET request calledAuditChecklistController
INFO  04:37:39  Http GET request calledChecklistProvider
INFO  04:37:39 Log from ChecklistRepo
INFO  04:38:38 AuditChecklistController Http GET request calledAuditChecklistController
INFO  04:38:38  Http GET request calledChecklistProvider
INFO  04:38:38 Log from ChecklistRepo
INFO  04:38:49 AuditChecklistController Http GET request calledAuditChecklistController
INFO  04:38:49  Http GET request calledChecklistProvider
INFO  04:38:49 Log from ChecklistRepo
INFO  04:40:33 AuditChecklistController Http GET request calledAuditChecklistController
INFO  04:40:33  Http GET request calledChecklistProvider
INFO  04:40:33 Log from ChecklistRepo
INFO  04:41:12 AuditChecklistController Http GET request calledAuditChecklistController
INFO  04:41:12  Http GET request calledChecklistProvider
INFO  04:41:12 Log from ChecklistRepo
INFO  04:46:33 AuditChecklistController Http GET request calledAuditChecklistController
INFO  04:46:33  Http GET request calledChecklistProvider
INFO  04:46:33 Log from ChecklistRepo
INFO  04:47:20 AuditChecklistController Http GET request calledAuditChecklistController
INFO  04:47:20  Http GET request calledChecklistProvider
INFO  04:47:20 Log from ChecklistRepo
INFO  04:47:40 AuditChecklistController Http GET request calledAuditChecklistController
INFO  04:47:40  Http GET request calledChecklistProvider
INFO  04:47:40 Log from ChecklistRepo
INFO  04:49:24 AuditChecklistController Http GET request calledAuditChecklistController
INFO  04:49:24  Http GET request calledChecklistProvider
INFO  04:49:24 Log from ChecklistRepo
INFO  04:50:11 AuditChecklistController Http GET request calledAuditChecklistController
INFO  04:50:11  Http GET request calledChecklistProvider
INFO  04:50:11 Log from ChecklistRepo
INFO  04:50:39 AuditChecklistController Http GET request calledAuditChecklistController
INFO  04:50:39  Http GET request calledChecklistProvider
INFO  04:50:39 Log from ChecklistRepo
INFO  04:51:14 AuditChecklistController Http GET request calledAuditChecklistController
INFO  04:51:14  Http GET request calledChecklistProvider
INFO  04:51:14 Log from ChecklistRepo
INFO  04:51:45 AuditChecklistController Http GET request calledAuditChecklistController
INFO  04:51:45  Http GET request calledChecklistProvider
INFO  04:51:45 Log from ChecklistRepo
INFO  04:58:54 AuditChecklistController Http GET request calledAuditChecklistController
INFO  04:58:54  Http GET request calledChecklistProvider
INFO  04:58:54 Log from ChecklistRepo
INFO  05:01:19 AuditChecklistController Http GET request calledAuditChecklistController
INFO  05:01:19  Http GET request calledChecklistProvider
INFO  05:01:19 Log from ChecklistRepo
INFO  05:01:57 AuditChecklistController Http GET request calledAuditChecklistController
INFO  05:01:57  Http GET request calledChecklistProvider
INFO  05:01:57 Log from ChecklistRepo
INFO  05:02:50 AuditChecklistController Http GET request calledAuditChecklistController
INFO  05:02:50  Http GET request calledChecklistProvider
INFO  05:02:50 Log from ChecklistRepo
INFO  05:03:48 AuditChecklistController Http GET request calledAuditChecklistController
INFO  05:03:48  Http GET request calledChecklistProvider
INFO  05:03:48 Log from ChecklistRepo
INFO  05:04:45 AuditChecklistController Http GET request calledAuditChecklistController
INFO  05:04:45  Http GET request calledChecklistProvider
INFO  05:04:45 Log from ChecklistRepo
INFO  05:27:27 AuditChecklistController Http GET request calledAuditChecklistController
INFO  05:27:27  Http GET request calledChecklistProvider
INFO  05:27:27 Log from ChecklistRepo
INFO  05:27:52 AuditChecklistController Http GET request calledAuditChecklistController
INFO  05:27:52  Http GET request calledChecklistProvider
INFO  05:27:52 Log from ChecklistRepo
INFO  05:28:48 AuditChecklistController Http GET request calledAuditChecklistController
INFO  05:28:48  Http GET request calledChecklistProvider
INFO  05:28:48 Log from ChecklistRepo
INFO  05:29:11 AuditChecklistController Http GET request calledAuditChecklistController
INFO  05:29:11  Http GET request calledChecklistProvider
INFO  05:29:11 Log from ChecklistRepo
INFO  05:30:31 AuditChecklistController Http GET request calledAuditChecklistController
INFO  05:30:31  Http GET request calledChecklistProvider
INFO  05:30:31 Log from ChecklistRepo
INFO  09:12:25 AuditChecklistController Http GET request calledAuditChecklistController
INFO  09:12:25  Http GET request calledChecklistProvider
INFO  09:12:25 Log from ChecklistRepo
INFO  09:13:55 AuditChecklistController Http GET request calledAuditChecklistController
INFO  09:13:55  Http GET request calledChecklistProvider
INFO  09:13:55 Log from ChecklistRepo
INFO  10:20:21 AuditChecklistController Http GET request calledAuditChecklistController
INFO  10:20:21  Http GET request calledChecklistProvider
INFO  10:20:21 Log from ChecklistRepo
INFO  10:27:21 AuditChecklistController Http GET request calledAuditChecklistController
INFO  10:27:21  Http GET request calledChecklistProvider
INFO  10:27:21 Log from ChecklistRepo
INFO  10:47:00 AuditChecklistController Http GET request calledAuditChecklistController
INFO  10:47:00  Http GET request calledChecklistProvider
INFO  10:47:00 Log from ChecklistRepo
INFO  10:48:09 AuditChecklistController Http GET request calledAuditChecklistController
INFO  10:48:09  Http GET request calledChecklistProvider
INFO  10:48:09 Log from ChecklistRepo
INFO  12:32:13 AuditChecklistController Http GET request calledAuditChecklistController
INFO  12:32:14  Http GET request calledChecklistProvider
INFO  12:32:14 Log from ChecklistRepo
INFO  12:32:27 AuditChecklistController Http GET request calledAuditChecklistController
INFO  12:32:27  Http GET request calledChecklistProvider
INFO  12:32:27 Log from ChecklistRepo
INFO  12:34:30 AuditChecklistController Http GET request calledAuditChecklistController
INFO  12:34:30  Http GET request calledChecklistProvider
INFO  12:34:30 Log from ChecklistRepo
INFO  12:35:05 AuditChecklistController Http GET request calledAuditChecklistController
INFO  12:35:05  Http GET request calledChecklistProvider
INFO  12:35:05 Log from ChecklistRepo
INFO  12:35:30 AuditChecklistController Http GET request calledAuditChecklistController
INFO  12:35:30  Http GET request calledChecklistProvider
INFO  12:35:30 Log from ChecklistRepo
INFO  12:36:26 AuditChecklistController Http GET request calledAuditChecklistController
INFO  12:36:26  Http GET request calledChecklistProvider
INFO  12:36:26 Log from ChecklistRepo
INFO  12:36:58 AuditChecklistController Http GET request calledAuditChecklistController
INFO  12:36:58  Http GET request calledChecklistProvider
INFO  12:36:58 Log from ChecklistRepo
INFO  12:38:23 AuditChecklistController Http GET request calledAuditChecklistController
INFO  12:38:23  Http GET request calledChecklistProvider
INFO  12:38:23 Log from ChecklistRepo
INFO  12:39:25 AuditChecklistController Http GET request calledAuditChecklistController
INFO  12:39:25  Http GET request calledChecklistProvider
INFO  12:39:25 Log from ChecklistRepo
INFO  12:43:51 AuditChecklistController Http GET request calledAuditChecklistController
INFO  12:43:51  Http GET request calledChecklistProvider
INFO  12:43:51 Log from ChecklistRepo
INFO  12:44:18 AuditChecklistController Http GET request calledAuditChecklistController
INFO  12:44:18  Http GET request calledChecklistProvider
INFO  12:44:18 Log from ChecklistRepo
INFO  12:44:48 AuditChecklistController Http GET request calledAuditChecklistController
INFO  12:44:48  Http GET request calledChecklistProvider
INFO  12:44:48 Log from ChecklistRepo
INFO  12:46:04 AuditChecklistController Http GET request calledAuditChecklistController
INFO  12:46:04  Http GET request calledChecklistProvider
INFO  12:46:04 Log from ChecklistRepo
INFO  12:46:51 AuditChecklistController Http GET request calledAuditChecklistController
INFO  12:46:51  Http GET request calledChecklistProvider
INFO  12:46:51 Log from ChecklistRepo
INFO  12:47:08 AuditChecklistController Http GET request calledAuditChecklistController
INFO  12:47:08  Http GET request calledChecklistProvider
INFO  12:47:08 Log from ChecklistRepo
INFO  12:47:34 AuditChecklistController Http GET request calledAuditChecklistController
INFO  12:47:34  Http GET request calledChecklistProvider
INFO  12:47:34 Log from ChecklistRepo
INFO  12:49:04 AuditChecklistController Http GET request calledAuditChecklistController
INFO  12:49:04  Http GET request calledChecklistProvider
INFO  12:49:04 Log from ChecklistRepo
INFO  12:49:45 AuditChecklistController Http GET request calledAuditChecklistController
INFO  12:49:45  Http GET request calledChecklistProvider
INFO  12:49:45 Log from ChecklistRepo
INFO  12:51:41 AuditChecklistController Http GET request calledAuditChecklistController
INFO  12:51:41  Http GET request calledChecklistProvider
INFO  12:51:41 Log from ChecklistRepo
INFO  01:05:07 AuditChecklistController Http GET request calledAuditChecklistController
INFO  01:05:07  Http GET request calledChecklistProvider
INFO  01:05:07 Log from ChecklistRepo
INFO  01:05:49 AuditChecklistController Http GET request calledAuditChecklistController
INFO  01:05:49  Http GET request calledChecklistProvider
INFO  01:05:49 Log from ChecklistRepo
INFO  01:06:35 AuditChecklistController Http GET request calledAuditChecklistController
INFO  01:06:35  Http GET request calledChecklistProvider
INFO  01:06:35 Log from ChecklistRepo
INFO  01:07:16 AuditChecklistController Http GET request calledAuditChecklistController
INFO  01:07:16  Http GET request calledChecklistProvider
INFO  01:07:16 Log from ChecklistRepo
INFO  01:08:01 AuditChecklistController Http GET request calledAuditChecklistController
INFO  01:08:01  Http GET request calledChecklistProvider
INFO  01:08:01 Log from ChecklistRepo
INFO  01:08:20 AuditChecklistController Http GET request calledAuditChecklistController
INFO  01:08:20  Http GET request calledChecklistProvider
INFO  01:08:20 Log from ChecklistRepo
INFO  01:08:59 AuditChecklistController Http GET request calledAuditChecklistController
INFO  01:08:59  Http GET request calledChecklistProvider
INFO  01:08:59 Log from ChecklistRepo
INFO  01:09:14 AuditChecklistController Http GET request calledAuditChecklistController
INFO  01:09:14  Http GET request calledChecklistProvider
INFO  01:09:14 Log from ChecklistRepo
INFO  01:24:31 AuditChecklistController Http GET request calledAuditChecklistController
INFO  01:24:31  Http GET request calledChecklistProvider
INFO  01:24:31 Log from ChecklistRepo
INFO  01:41:23 AuditChecklistController Http GET request calledAuditChecklistController
INFO  01:41:23  Http GET request calledChecklistProvider
INFO  01:41:23 Log from ChecklistRepo
INFO  01:43:35 AuditChecklistController Http GET request calledAuditChecklistController
INFO  01:43:35  Http GET request calledChecklistProvider
INFO  01:43:35 Log from ChecklistRepo
INFO  01:47:10 AuditChecklistController Http GET request calledAuditChecklistController
INFO  01:47:10  Http GET request calledChecklistProvider
INFO  01:47:10 Log from ChecklistRepo
INFO  01:48:10 AuditChecklistController Http GET request calledAuditChecklistController
INFO  01:48:10  Http GET request calledChecklistProvider
INFO  01:48:10 Log from ChecklistRepo
INFO  01:49:22 AuditChecklistController Http GET request calledAuditChecklistController
INFO  01:49:22  Http GET request calledChecklistProvider
INFO  01:49:22 Log from ChecklistRepo
INFO  01:53:06 AuditChecklistController Http GET request calledAuditChecklistController
INFO  01:53:06  Http GET request calledChecklistProvider
INFO  01:53:06 Log from ChecklistRepo
INFO  01:55:30 AuditChecklistController Http GET request calledAuditChecklistController
INFO  01:55:30  Http GET request calledChecklistProvider
INFO  01:55:30 Log from ChecklistRepo
INFO  01:59:41 AuditChecklistController Http GET request calledAuditChecklistController
INFO  01:59:41  Http GET request calledChecklistProvider
INFO  01:59:41 Log from ChecklistRepo
INFO  02:00:48 AuditChecklistController Http GET request calledAuditChecklistController
INFO  02:00:48  Http GET request calledChecklistProvider
INFO  02:00:48 Log from ChecklistRepo
INFO  02:05:59 AuditChecklistController Http GET request calledAuditChecklistController
INFO  02:05:59  Http GET request calledChecklistProvider
INFO  02:05:59 Log from ChecklistRepo
INFO  02:08:14 AuditChecklistController Http GET request calledAuditChecklistController
INFO  02:08:14  Http GET request calledChecklistProvider
INFO  02:08:14 Log from ChecklistRepo
INFO  02:15:53 AuditChecklistController Http GET request calledAuditChecklistController
INFO  02:15:53  Http GET request calledChecklistProvider
INFO  02:15:53 Log from ChecklistRepo
INFO  02:23:13 AuditChecklistController Http GET request calledAuditChecklistController
INFO  02:23:13  Http GET request calledChecklistProvider
INFO  02:23:13 Log from ChecklistRepo
INFO  02:23:47 AuditChecklistController Http GET request calledAuditChecklistController
INFO  02:23:47  Http GET request calledChecklistProvider
INFO  02:23:47 Log from ChecklistRepo
INFO  02:25:46 AuditChecklistController Http GET request calledAuditChecklistController
INFO  02:25:46  Http GET request calledChecklistProvider
INFO  02:25:46 Log from ChecklistRepo
INFO  02:27:29 AuditChecklistController Http GET request calledAuditChecklistController
INFO  02:27:29  Http GET request calledChecklistProvider
INFO  02:27:29 Log from ChecklistRepo
INFO  02:28:01 AuditChecklistController Http GET request calledAuditChecklistController
INFO  02:28:01  Http GET request calledChecklistProvider
INFO  02:28:01 Log from ChecklistRepo
INFO  02:28:31 AuditChecklistController Http GET request calledAuditChecklistController
INFO  02:28:31  Http GET request calledChecklistProvider
INFO  02:28:31 Log from ChecklistRepo
INFO  02:29:52 AuditChecklistController Http GET request calledAuditChecklistController
INFO  02:29:52  Http GET request calledChecklistProvider
INFO  02:29:52 Log from ChecklistRepo
INFO  02:30:45 AuditChecklistController Http GET request calledAuditChecklistController
INFO  02:30:45  Http GET request calledChecklistProvider
INFO  02:30:45 Log from ChecklistRepo
INFO  02:33:17 AuditChecklistController Http GET request calledAuditChecklistController
INFO  02:33:17  Http GET request calledChecklistProvider
INFO  02:33:17 Log from ChecklistRepo
INFO  02:33:44 AuditChecklistController Http GET request calledAuditChecklistController
INFO  02:33:44  Http GET request calledChecklistProvider
INFO  02:33:44 Log from ChecklistRepo
INFO  02:36:33 AuditChecklistController Http GET request calledAuditChecklistController
INFO  02:36:33  Http GET request calledChecklistProvider
INFO  02:36:33 Log from ChecklistRepo
INFO  02:37:30 AuditChecklistController Http GET request calledAuditChecklistController
INFO  02:37:30  Http GET request calledChecklistProvider
INFO  02:37:30 Log from ChecklistRepo
INFO  02:40:04 AuditChecklistController Http GET request calledAuditChecklistController
INFO  02:40:04  Http GET request calledChecklistProvider
INFO  02:40:04 Log from ChecklistRepo
INFO  02:40:50 AuditChecklistController Http GET request calledAuditChecklistController
INFO  02:40:50  Http GET request calledChecklistProvider
INFO  02:40:50 Log from ChecklistRepo
INFO  02:42:37 AuditChecklistController Http GET request calledAuditChecklistController
INFO  02:42:37  Http GET request calledChecklistProvider
INFO  02:42:37 Log from ChecklistRepo
INFO  02:44:31 AuditChecklistController Http GET request calledAuditChecklistController
INFO  02:44:31  Http GET request calledChecklistProvider
INFO  02:44:31 Log from ChecklistRepo
INFO  02:46:10 AuditChecklistController Http GET request calledAuditChecklistController
INFO  02:46:10  Http GET request calledChecklistProvider
INFO  02:46:10 Log from ChecklistRepo
INFO  03:10:54 AuditChecklistController Http GET request calledAuditChecklistController
INFO  03:10:54  Http GET request calledChecklistProvider
INFO  03:10:54 Log from ChecklistRepo
INFO  03:13:11 AuditChecklistController Http GET request calledAuditChecklistController
INFO  03:13:11  Http GET request calledChecklistProvider
INFO  03:13:11 Log from ChecklistRepo
INFO  03:19:11 AuditChecklistController Http GET request calledAuditChecklistController
INFO  03:19:11  Http GET request calledChecklistProvider
INFO  03:19:11 Log from ChecklistRepo
INFO  03:20:27 AuditChecklistController Http GET request calledAuditChecklistController
INFO  03:20:27  Http GET request calledChecklistProvider
INFO  03:20:27 Log from ChecklistRepo
INFO  03:21:02 AuditChecklistController Http GET request calledAuditChecklistController
INFO  03:21:02  Http GET request calledChecklistProvider
INFO  03:21:02 Log from ChecklistRepo
INFO  03:21:39 AuditChecklistController Http GET request calledAuditChecklistController
INFO  03:21:39  Http GET request calledChecklistProvider
INFO  03:21:39 Log from ChecklistRepo
INFO  03:28:24 AuditChecklistController Http GET request calledAuditChecklistController
INFO  03:28:24  Http GET request calledChecklistProvider
INFO  03:28:24 Log from ChecklistRepo
INFO  03:34:45 AuditChecklistController Http GET request calledAuditChecklistController
INFO  03:34:45  Http GET request calledChecklistProvider
INFO  03:34:45 Log from ChecklistRepo
INFO  02:33:54 AuditChecklistController Http GET request calledAuditChecklistController
INFO  02:33:54  Http GET request calledChecklistProvider
INFO  02:33:54 Log from ChecklistRepo
INFO  02:39:20 AuditChecklistController Http GET request calledAuditChecklistController
INFO  02:39:20  Http GET request calledChecklistProvider
INFO  02:39:20 Log from ChecklistRepo
INFO  02:42:28 AuditChecklistController Http GET request calledAuditChecklistController
INFO  02:42:28  Http GET request calledChecklistProvider
INFO  02:42:28 Log from ChecklistRepo
INFO  02:44:54 AuditChecklistController Http GET request calledAuditChecklistController
INFO  02:44:54  Http GET request calledChecklistProvider
INFO  02:44:54 Log from ChecklistRepo
INFO  02:52:44 AuditChecklistController Http GET request calledAuditChecklistController
INFO  02:52:44  Http GET request calledChecklistProvider
INFO  02:52:44 Log from ChecklistRepo
INFO  02:55:41 AuditChecklistController Http GET request calledAuditChecklistController
INFO  02:55:41  Http GET request calledChecklistProvider
INFO  02:55:41 Log from ChecklistRepo
INFO  02:58:37 AuditChecklistController Http GET request calledAuditChecklistController
INFO  02:58:37  Http GET request calledChecklistProvider
INFO  02:58:37 Log from ChecklistRepo
INFO  03:00:25 AuditChecklistController Http GET request calledAuditChecklistController
INFO  03:00:25  Http GET request calledChecklistProvider
INFO  03:00:25 Log from ChecklistRepo
INFO  03:03:47 AuditChecklistController Http GET request calledAuditChecklistController
INFO  03:03:47  Http GET request calledChecklistProvider
INFO  03:03:47 Log from ChecklistRepo
INFO  03:04:53 AuditChecklistController Http GET request calledAuditChecklistController
INFO  03:04:53  Http GET request calledChecklistProvider
INFO  03:04:53 Log from ChecklistRepo
INFO  03:05:44 AuditChecklistController Http GET request calledAuditChecklistController
INFO  03:05:44  Http GET request calledChecklistProvider
INFO  03:05:44 Log from ChecklistRepo
INFO  03:09:08 AuditChecklistController Http GET request calledAuditChecklistController
INFO  03:09:08  Http GET request calledChecklistProvider
INFO  03:09:08 Log from ChecklistRepo
INFO  03:10:38 AuditChecklistController Http GET request calledAuditChecklistController
INFO  03:10:38  Http GET request calledChecklistProvider
INFO  03:10:38 Log from ChecklistRepo
INFO  03:11:34 AuditChecklistController Http GET request calledAuditChecklistController
INFO  03:11:34  Http GET request calledChecklistProvider
INFO  03:11:34 Log from ChecklistRepo
INFO  03:12:58 AuditChecklistController Http GET request calledAuditChecklistController
INFO  03:12:58  Http GET request calledChecklistProvider
INFO  03:12:58 Log from ChecklistRepo
INFO  03:13:43 AuditChecklistController Http GET request calledAuditChecklistController
INFO  03:13:43  Http GET request calledChecklistProvider
INFO  03:13:43 Log from ChecklistRepo
INFO  03:16:26 AuditChecklistController Http GET request calledAuditChecklistController
INFO  03:16:26  Http GET request calledChecklistProvider
INFO  03:16:26 Log from ChecklistRepo
INFO  03:17:43 AuditChecklistController Http GET request calledAuditChecklistController
INFO  03:17:43  Http GET request calledChecklistProvider
INFO  03:17:43 Log from ChecklistRepo
INFO  03:20:47 AuditChecklistController Http GET request calledAuditChecklistController
INFO  03:20:47  Http GET request calledChecklistProvider
INFO  03:20:47 Log from ChecklistRepo
INFO  03:22:10 AuditChecklistController Http GET request calledAuditChecklistController
INFO  03:22:10  Http GET request calledChecklistProvider
INFO  03:22:10 Log from ChecklistRepo
INFO  03:22:36 AuditChecklistController Http GET request calledAuditChecklistController
INFO  03:22:36  Http GET request calledChecklistProvider
INFO  03:22:36 Log from ChecklistRepo
INFO  03:26:42 AuditChecklistController Http GET request calledAuditChecklistController
INFO  03:26:42  Http GET request calledChecklistProvider
INFO  03:26:42 Log from ChecklistRepo
INFO  03:27:02 AuditChecklistController Http GET request calledAuditChecklistController
INFO  03:27:02  Http GET request calledChecklistProvider
INFO  03:27:02 Log from ChecklistRepo
INFO  03:29:47 AuditChecklistController Http GET request calledAuditChecklistController
INFO  03:29:47  Http GET request calledChecklistProvider
INFO  03:29:47 Log from ChecklistRepo
INFO  03:31:19 AuditChecklistController Http GET request calledAuditChecklistController
INFO  03:31:19  Http GET request calledChecklistProvider
INFO  03:31:19 Log from ChecklistRepo
INFO  03:32:45 AuditChecklistController Http GET request calledAuditChecklistController
INFO  03:32:45  Http GET request calledChecklistProvider
INFO  03:32:45 Log from ChecklistRepo
INFO  03:36:55 AuditChecklistController Http GET request calledAuditChecklistController
INFO  03:36:55  Http GET request calledChecklistProvider
INFO  03:36:55 Log from ChecklistRepo
INFO  03:37:32 AuditChecklistController Http GET request calledAuditChecklistController
INFO  03:37:32  Http GET request calledChecklistProvider
INFO  03:37:32 Log from ChecklistRepo
INFO  03:40:19 AuditChecklistController Http GET request calledAuditChecklistController
INFO  03:40:19  Http GET request calledChecklistProvider
INFO  03:40:19 Log from ChecklistRepo
INFO  03:40:36 AuditChecklistController Http GET request calledAuditChecklistController
INFO  03:40:36  Http GET request calledChecklistProvider
INFO  03:40:36 Log from ChecklistRepo
INFO  03:42:05 AuditChecklistController Http GET request calledAuditChecklistController
INFO  03:42:05  Http GET request calledChecklistProvider
INFO  03:42:05 Log from ChecklistRepo
INFO  03:43:02 AuditChecklistController Http GET request calledAuditChecklistController
INFO  03:43:02  Http GET request calledChecklistProvider
INFO  03:43:02 Log from ChecklistRepo
INFO  03:43:53 AuditChecklistController Http GET request calledAuditChecklistController
INFO  03:43:53  Http GET request calledChecklistProvider
INFO  03:43:53 Log from ChecklistRepo
INFO  03:44:32 AuditChecklistController Http GET request calledAuditChecklistController
INFO  03:44:32  Http GET request calledChecklistProvider
INFO  03:44:32 Log from ChecklistRepo
INFO  03:47:20 AuditChecklistController Http GET request calledAuditChecklistController
INFO  03:47:20  Http GET request calledChecklistProvider
INFO  03:47:20 Log from ChecklistRepo
INFO  03:50:43 AuditChecklistController Http GET request calledAuditChecklistController
INFO  03:50:43  Http GET request calledChecklistProvider
INFO  03:50:43 Log from ChecklistRepo
INFO  03:51:01 AuditChecklistController Http GET request calledAuditChecklistController
INFO  03:51:01  Http GET request calledChecklistProvider
INFO  03:51:01 Log from ChecklistRepo
INFO  03:52:43 AuditChecklistController Http GET request calledAuditChecklistController
INFO  03:52:43  Http GET request calledChecklistProvider
INFO  03:52:43 Log from ChecklistRepo
INFO  03:53:14 AuditChecklistController Http GET request calledAuditChecklistController
INFO  03:53:14  Http GET request calledChecklistProvider
INFO  03:53:14 Log from ChecklistRepo
INFO  04:44:20 AuditChecklistController Http GET request calledAuditChecklistController
INFO  04:44:20  Http GET request calledChecklistProvider
INFO  04:44:20 Log from ChecklistRepo
INFO  07:45:13 Application started. Press Ctrl+C to shut down.
INFO  07:45:13 Application started. Press Ctrl+C to shut down.
INFO  07:45:13 Hosting environment: Development
INFO  07:45:13 Hosting environment: Development
INFO  07:45:13 Content root path: C:\Users\Shali\OneDrive\Desktop\FSE\AMS\AMS - Backend\AuditChecklistModule
INFO  07:45:13 Content root path: C:\Users\Shali\OneDrive\Desktop\FSE\AMS\AMS - Backend\AuditChecklistModule
INFO  07:46:02 AuditChecklistController Http GET request calledAuditChecklistController
INFO  07:46:02  Http GET request calledChecklistProvider
INFO  07:46:02 Log from ChecklistRepo
INFO  09:26:58 AuditChecklistController Http GET request calledAuditChecklistController
INFO  09:26:58  Http GET request calledChecklistProvider
INFO  09:26:58 Log from ChecklistRepo
INFO  09:28:33 AuditChecklistController Http GET request calledAuditChecklistController
INFO  09:28:33  Http GET request calledChecklistProvider
INFO  09:28:33 Log from ChecklistRepo
INFO  09:29:51 AuditChecklistController Http GET request calledAuditChecklistController
INFO  09:29:51  Http GET request calledChecklistProvider
INFO  09:29:51 Log from ChecklistRepo
INFO  09:30:42 AuditChecklistController Http GET request calledAuditChecklistController
INFO  09:30:42  Http GET request calledChecklistProvider
INFO  09:30:42 Log from ChecklistRepo
INFO  09:32:13 AuditChecklistController Http GET request calledAuditChecklistController
INFO  09:32:13  Http GET request calledChecklistProvider
INFO  09:32:13 Log from ChecklistRepo
INFO  09:33:04 AuditChecklistController Http GET request calledAuditChecklistController
INFO  09:33:04  Http GET request calledChecklistProvider
INFO  09:33:04 Log from ChecklistRepo
INFO  09:34:02 AuditChecklistController Http GET request calledAuditChecklistController
INFO  09:34:02  Http GET request calledChecklistProvider
INFO  09:34:02 Log from ChecklistRepo
INFO  09:36:27 AuditChecklistController Http GET request calledAuditChecklistController
INFO  09:36:27  Http GET request calledChecklistProvider
INFO  09:36:27 Log from ChecklistRepo
INFO  09:39:31 AuditChecklistController Http GET request calledAuditChecklistController
INFO  09:39:31  Http GET request calledChecklistProvider
INFO  09:39:31 Log from ChecklistRepo
INFO  09:40:46 AuditChecklistController Http GET request calledAuditChecklistController
INFO  09:40:46  Http GET request calledChecklistProvider
INFO  09:40:46 Log from ChecklistRepo
INFO  09:41:11 AuditChecklistController Http GET request calledAuditChecklistController
INFO  09:41:11  Http GET request calledChecklistProvider
INFO  09:41:11 Log from ChecklistRepo
INFO  09:42:30 AuditChecklistController Http GET request calledAuditChecklistController
INFO  09:42:30  Http GET request calledChecklistProvider
INFO  09:42:30 Log from ChecklistRepo
INFO  09:45:36 AuditChecklistController Http GET request calledAuditChecklistController
INFO  09:45:36  Http GET request calledChecklistProvider
INFO  09:45:36 Log from ChecklistRepo
INFO  09:46:30 AuditChecklistController Http GET request calledAuditChecklistController
INFO  09:46:30  Http GET request calledChecklistProvider
INFO  09:46:30 Log from ChecklistRepo
INFO  09:48:06 AuditChecklistController Http GET request calledAuditChecklistController
INFO  09:48:06  Http GET request calledChecklistProvider
INFO  09:48:06 Log from ChecklistRepo
INFO  09:49:02 AuditChecklistController Http GET request calledAuditChecklistController
INFO  09:49:02  Http GET request calledChecklistProvider
INFO  09:49:02 Log from ChecklistRepo
INFO  09:49:34 AuditChecklistController Http GET request calledAuditChecklistController
INFO  09:49:34  Http GET request calledChecklistProvider
INFO  09:49:34 Log from ChecklistRepo
INFO  09:51:04 AuditChecklistController Http GET request calledAuditChecklistController
INFO  09:51:04  Http GET request calledChecklistProvider
INFO  09:51:04 Log from ChecklistRepo
INFO  09:52:48 AuditChecklistController Http GET request calledAuditChecklistController
INFO  09:52:48  Http GET request calledChecklistProvider
INFO  09:52:48 Log from ChecklistRepo
INFO  09:53:28 AuditChecklistController Http GET request calledAuditChecklistController
INFO  09:53:28  Http GET request calledChecklistProvider
INFO  09:53:28 Log from ChecklistRepo
INFO  11:44:33 Application started. Press Ctrl+C to shut down.
INFO  11:44:33 Application started. Press Ctrl+C to shut down.
INFO  11:44:33 Hosting environment: Development
INFO  11:44:33 Hosting environment: Development
INFO  11:44:33 Content root path: C:\Users\Shali\OneDrive\Desktop\FSE\AMS\AMS - Backend\AuditChecklistModule
INFO  11:44:33 Content root path: C:\Users\Shali\OneDrive\Desktop\FSE\AMS\AMS - Backend\AuditChecklistModule
INFO  11:44:33 AuditChecklistController Http GET request calledAuditChecklistController
INFO  11:44:33  Http GET request calledChecklistProvider
INFO  11:44:33 Log from ChecklistRepo
INFO  01:37:37 AuditChecklistController Http GET request calledAuditChecklistController
INFO  01:37:37  Http GET request calledChecklistProvider
INFO  01:37:37 Log from ChecklistRepo
INFO  01:39:26 AuditChecklistController Http GET request calledAuditChecklistController
INFO  01:39:26  Http GET request calledChecklistProvider
INFO  01:39:26 Log from ChecklistRepo
INFO  01:49:03 AuditChecklistController Http GET request calledAuditChecklistController
INFO  01:49:03  Http GET request calledChecklistProvider
INFO  01:49:03 Log from ChecklistRepo
INFO  01:51:59 AuditChecklistController Http GET request calledAuditChecklistController
INFO  01:51:59  Http GET request calledChecklistProvider
INFO  01:51:59 Log from ChecklistRepo
INFO  02:12:08 AuditChecklistController Http GET request calledAuditChecklistController
INFO  02:12:08  Http GET request calledChecklistProvider
INFO  02:12:08 Log from ChecklistRepo
INFO  02:12:45 AuditChecklistController Http GET request calledAuditChecklistController
INFO  02:12:45  Http GET request calledChecklistProvider
INFO  02:12:45 Log from ChecklistRepo
INFO  07:41:23 Application started. Press Ctrl+C to shut down.
INFO  07:41:24 Application started. Press Ctrl+C to shut down.
INFO  07:41:24 Hosting environment: Development
INFO  07:41:24 Hosting environment: Development
INFO  07:41:24 Content root path: C:\Users\Shali\OneDrive\Desktop\FSE\AMS\AMS - Backend\AuditChecklistModule
INFO  07:41:24 Content root path: C:\Users\Shali\OneDrive\Desktop\FSE\AMS\AMS - Backend\AuditChecklistModule
INFO  07:41:24 AuditChecklistController Http GET request calledAuditChecklistController
INFO  07:41:24  Http GET request calledChecklistProvider
INFO  07:41:24 Log from ChecklistRepo
INFO  12:54:29 Application started. Press Ctrl+C to shut down.
INFO  12:54:29 Application started. Press Ctrl+C to shut down.
INFO  12:54:29 Hosting environment: Development
INFO  12:54:29 Hosting environment: Development
INFO  12:54:29 Content root path: C:\Users\Shali\OneDrive\Desktop\FSE\AMS\AMS - Backend\AuditChecklistModule
